

================================================================
== Vivado HLS Report for 'matrixmul'
================================================================
* Date:           Tue Oct 11 20:36:01 2022

* Version:        2020.1 (Build 2897737 on Wed May 27 20:21:37 MDT 2020)
* Project:        matrixmul_prj
* Solution:       solution5_pipeline_func
* Product family: zynq
* Target device:  xc7z007s-clg400-1


================================================================
== Performance Estimates
================================================================
+ Timing: 
    * Summary: 
    +--------+----------+-----------+------------+
    |  Clock |  Target  | Estimated | Uncertainty|
    +--------+----------+-----------+------------+
    |ap_clk  | 13.33 ns | 10.210 ns |   1.67 ns  |
    +--------+----------+-----------+------------+

+ Latency: 
    * Summary: 
    +---------+---------+-----------+-----------+-----+-----+----------+
    |  Latency (cycles) |   Latency (absolute)  |  Interval | Pipeline |
    |   min   |   max   |    min    |    max    | min | max |   Type   |
    +---------+---------+-----------+-----------+-----+-----+----------+
    |        6|        6| 79.998 ns | 79.998 ns |    5|    5| function |
    +---------+---------+-----------+-----------+-----+-----+----------+

    + Detail: 
        * Instance: 
        N/A

        * Loop: 
        N/A



================================================================
== Utilization Estimates
================================================================
* Summary: 
+-----------------+---------+-------+-------+-------+-----+
|       Name      | BRAM_18K| DSP48E|   FF  |  LUT  | URAM|
+-----------------+---------+-------+-------+-------+-----+
|DSP              |        -|     18|      -|      -|    -|
|Expression       |        -|      0|      0|    373|    -|
|FIFO             |        -|      -|      -|      -|    -|
|Instance         |        -|      -|      -|      -|    -|
|Memory           |        -|      -|      -|      -|    -|
|Multiplexer      |        -|      -|      -|    201|    -|
|Register         |        -|      -|    487|      -|    -|
+-----------------+---------+-------+-------+-------+-----+
|Total            |        0|     18|    487|    574|    0|
+-----------------+---------+-------+-------+-------+-----+
|Available        |      100|     66|  28800|  14400|    0|
+-----------------+---------+-------+-------+-------+-----+
|Utilization (%)  |        0|     27|      1|      3|    0|
+-----------------+---------+-------+-------+-------+-----+

+ Detail: 
    * Instance: 
    N/A

    * DSP48E: 
    +--------------------------+----------------------+--------------+
    |         Instance         |        Module        |  Expression  |
    +--------------------------+----------------------+--------------+
    |matrixmul_mac_mulbkb_U1   |matrixmul_mac_mulbkb  | i0 + i1 * i2 |
    |matrixmul_mac_mulbkb_U2   |matrixmul_mac_mulbkb  | i0 + i1 * i2 |
    |matrixmul_mac_mulbkb_U5   |matrixmul_mac_mulbkb  | i0 + i1 * i2 |
    |matrixmul_mac_mulbkb_U6   |matrixmul_mac_mulbkb  | i0 + i1 * i2 |
    |matrixmul_mac_mulbkb_U9   |matrixmul_mac_mulbkb  | i0 + i1 * i2 |
    |matrixmul_mac_mulbkb_U10  |matrixmul_mac_mulbkb  | i0 + i1 * i2 |
    |matrixmul_mac_mulbkb_U13  |matrixmul_mac_mulbkb  | i0 + i1 * i2 |
    |matrixmul_mac_mulbkb_U14  |matrixmul_mac_mulbkb  | i0 + i1 * i2 |
    |matrixmul_mac_mulbkb_U17  |matrixmul_mac_mulbkb  | i0 + i1 * i2 |
    |matrixmul_mac_mulcud_U3   |matrixmul_mac_mulcud  | i0 * i1 + i2 |
    |matrixmul_mac_mulcud_U4   |matrixmul_mac_mulcud  | i0 * i1 + i2 |
    |matrixmul_mac_mulcud_U7   |matrixmul_mac_mulcud  | i0 * i1 + i2 |
    |matrixmul_mac_mulcud_U8   |matrixmul_mac_mulcud  | i0 * i1 + i2 |
    |matrixmul_mac_mulcud_U11  |matrixmul_mac_mulcud  | i0 * i1 + i2 |
    |matrixmul_mac_mulcud_U12  |matrixmul_mac_mulcud  | i0 * i1 + i2 |
    |matrixmul_mac_mulcud_U15  |matrixmul_mac_mulcud  | i0 * i1 + i2 |
    |matrixmul_mac_mulcud_U16  |matrixmul_mac_mulcud  | i0 * i1 + i2 |
    |matrixmul_mac_mulcud_U18  |matrixmul_mac_mulcud  | i0 * i1 + i2 |
    +--------------------------+----------------------+--------------+

    * Memory: 
    N/A

    * FIFO: 
    N/A

    * Expression: 
    +---------------------------+----------+-------+---+----+------------+------------+
    |       Variable Name       | Operation| DSP48E| FF| LUT| Bitwidth P0| Bitwidth P1|
    +---------------------------+----------+-------+---+----+------------+------------+
    |grp_fu_434_p2              |     *    |      0|  0|  41|           8|           8|
    |grp_fu_442_p2              |     *    |      0|  0|  41|           8|           8|
    |grp_fu_466_p2              |     *    |      0|  0|  41|           8|           8|
    |grp_fu_473_p2              |     *    |      0|  0|  41|           8|           8|
    |grp_fu_494_p2              |     *    |      0|  0|  41|           8|           8|
    |grp_fu_500_p2              |     *    |      0|  0|  41|           8|           8|
    |grp_fu_518_p2              |     *    |      0|  0|  41|           8|           8|
    |grp_fu_525_p2              |     *    |      0|  0|  41|           8|           8|
    |grp_fu_546_p2              |     *    |      0|  0|  41|           8|           8|
    |ap_block_pp0_stage0_11001  |    and   |      0|  0|   2|           1|           1|
    |ap_enable_pp0              |    xor   |      0|  0|   2|           1|           2|
    +---------------------------+----------+-------+---+----+------------+------------+
    |Total                      |          |      0|  0| 373|          74|          75|
    +---------------------------+----------+-------+---+----+------------+------------+

    * Multiplexer: 
    +-------------------------+----+-----------+-----+-----------+
    |           Name          | LUT| Input Size| Bits| Total Bits|
    +-------------------------+----+-----------+-----+-----------+
    |a_address0               |  15|          3|    2|          6|
    |ap_NS_fsm                |  33|          6|    1|          6|
    |ap_enable_reg_pp0_iter0  |   9|          2|    1|          2|
    |ap_enable_reg_pp0_iter1  |   9|          2|    1|          2|
    |b_address0               |  15|          3|    2|          6|
    |res_address0             |  33|          6|    4|         24|
    |res_address1             |  27|          5|    4|         20|
    |res_d0                   |  33|          6|   16|         96|
    |res_d1                   |  27|          5|   16|         80|
    +-------------------------+----+-----------+-----+-----------+
    |Total                    | 201|         38|   47|        242|
    +-------------------------+----+-----------+-----+-----------+

    * Register: 
    +-----------------------------+----+----+-----+-----------+
    |             Name            | FF | LUT| Bits| Const Bits|
    +-----------------------------+----+----+-----+-----------+
    |add_ln60_10_reg_731          |  16|   0|   16|          0|
    |add_ln60_12_reg_746          |  16|   0|   16|          0|
    |add_ln60_14_reg_751          |  16|   0|   16|          0|
    |add_ln60_17_reg_756          |  16|   0|   16|          0|
    |add_ln60_2_reg_623           |  16|   0|   16|          0|
    |add_ln60_4_reg_682           |  16|   0|   16|          0|
    |add_ln60_6_reg_699           |  16|   0|   16|          0|
    |add_ln60_8_reg_726           |  16|   0|   16|          0|
    |add_ln60_reg_601             |  16|   0|   16|          0|
    |ap_CS_fsm                    |   5|   0|    5|          0|
    |ap_enable_reg_pp0_iter0_reg  |   1|   0|    1|          0|
    |ap_enable_reg_pp0_iter1      |   1|   0|    1|          0|
    |reg_252                      |   8|   0|    8|          0|
    |reg_256                      |   8|   0|    8|          0|
    |sext_ln60_10_reg_714         |  16|   0|   16|          0|
    |sext_ln60_11_reg_676         |  16|   0|   16|          0|
    |sext_ln60_12_reg_687         |  16|   0|   16|          0|
    |sext_ln60_13_reg_720         |  16|   0|   16|          0|
    |sext_ln60_14_reg_693         |  16|   0|   16|          0|
    |sext_ln60_15_reg_736         |  16|   0|   16|          0|
    |sext_ln60_17_reg_741         |  16|   0|   16|          0|
    |sext_ln60_1_reg_584          |  16|   0|   16|          0|
    |sext_ln60_2_reg_653          |  16|   0|   16|          0|
    |sext_ln60_3_reg_658          |  16|   0|   16|          0|
    |sext_ln60_4_reg_590          |  16|   0|   16|          0|
    |sext_ln60_5_reg_595          |  16|   0|   16|          0|
    |sext_ln60_6_reg_606          |  16|   0|   16|          0|
    |sext_ln60_7_reg_664          |  16|   0|   16|          0|
    |sext_ln60_8_reg_617          |  16|   0|   16|          0|
    |sext_ln60_9_reg_670          |  16|   0|   16|          0|
    |sext_ln60_reg_579            |  16|   0|   16|          0|
    |tmp_11_reg_709               |   8|   0|    8|          0|
    |tmp_6_reg_638                |   8|   0|    8|          0|
    |tmp_7_reg_612                |   8|   0|    8|          0|
    |tmp_9_reg_643                |   8|   0|    8|          0|
    |trunc_ln60_4_reg_633         |   8|   0|    8|          0|
    |trunc_ln60_5_reg_704         |   8|   0|    8|          0|
    +-----------------------------+----+----+-----+-----------+
    |Total                        | 487|   0|  487|          0|
    +-----------------------------+----+----+-----+-----------+



================================================================
== Interface
================================================================
* Summary: 
+--------------+-----+-----+------------+--------------+--------------+
|   RTL Ports  | Dir | Bits|  Protocol  | Source Object|    C Type    |
+--------------+-----+-----+------------+--------------+--------------+
|ap_clk        |  in |    1| ap_ctrl_hs |   matrixmul  | return value |
|ap_rst        |  in |    1| ap_ctrl_hs |   matrixmul  | return value |
|ap_start      |  in |    1| ap_ctrl_hs |   matrixmul  | return value |
|ap_done       | out |    1| ap_ctrl_hs |   matrixmul  | return value |
|ap_idle       | out |    1| ap_ctrl_hs |   matrixmul  | return value |
|ap_ready      | out |    1| ap_ctrl_hs |   matrixmul  | return value |
|a_address0    | out |    2|  ap_memory |       a      |     array    |
|a_ce0         | out |    1|  ap_memory |       a      |     array    |
|a_q0          |  in |   24|  ap_memory |       a      |     array    |
|a_address1    | out |    2|  ap_memory |       a      |     array    |
|a_ce1         | out |    1|  ap_memory |       a      |     array    |
|a_q1          |  in |   24|  ap_memory |       a      |     array    |
|b_address0    | out |    2|  ap_memory |       b      |     array    |
|b_ce0         | out |    1|  ap_memory |       b      |     array    |
|b_q0          |  in |   24|  ap_memory |       b      |     array    |
|b_address1    | out |    2|  ap_memory |       b      |     array    |
|b_ce1         | out |    1|  ap_memory |       b      |     array    |
|b_q1          |  in |   24|  ap_memory |       b      |     array    |
|res_address0  | out |    4|  ap_memory |      res     |     array    |
|res_ce0       | out |    1|  ap_memory |      res     |     array    |
|res_we0       | out |    1|  ap_memory |      res     |     array    |
|res_d0        | out |   16|  ap_memory |      res     |     array    |
|res_address1  | out |    4|  ap_memory |      res     |     array    |
|res_ce1       | out |    1|  ap_memory |      res     |     array    |
|res_we1       | out |    1|  ap_memory |      res     |     array    |
|res_d1        | out |   16|  ap_memory |      res     |     array    |
+--------------+-----+-----+------------+--------------+--------------+

