#-----------------------------------------------------------
# Vivado v2020.1 (64-bit)
# SW Build 2902540 on Wed May 27 19:54:49 MDT 2020
# IP Build 2902112 on Wed May 27 22:43:36 MDT 2020
# Start of session at: Tue Oct 11 21:09:46 2022
# Process ID: 102992
# Current directory: C:/Xilinx/Vitis_HLS/2020.1/Design_Optimization/lab2/matrixmul_prj/solution1/sim/verilog
# Command line: vivado.exe -source open_wave.tcl
# Log file: C:/Xilinx/Vitis_HLS/2020.1/Design_Optimization/lab2/matrixmul_prj/solution1/sim/verilog/vivado.log
# Journal file: C:/Xilinx/Vitis_HLS/2020.1/Design_Optimization/lab2/matrixmul_prj/solution1/sim/verilog\vivado.jou
#-----------------------------------------------------------
start_gui
source open_wave.tcl
# current_fileset
INFO: [IP_Flow 19-234] Refreshing IP repositories
INFO: [IP_Flow 19-1704] No user IP repositories specified
INFO: [IP_Flow 19-2313] Loaded Vivado IP repository 'C:/Xilinx/Vivado/2020.1/data/ip'.
current_fileset: Time (s): cpu = 00:00:13 ; elapsed = 00:00:07 . Memory (MB): peak = 1096.953 ; gain = 0.000
# open_wave_database matrixmul.wdb
open_wave_config C:/Xilinx/Vitis_HLS/2020.1/Design_Optimization/lab2/matrixmul_prj/solution1/sim/verilog/matrixmul.wcfg
